<?xml version="1.0" encoding="UTF-8"?>
<!-- Generated by org.testng.reporters.JUnitXMLReporter -->
<testsuite hostname="An_Phong" ignored="0" name="Regression 1" tests="106" failures="3" timestamp="2019-10-15T15:15:24 ICT" time="372.88" errors="0">
  <testcase name="@AfterMethod afterMethod" time="0.2" classname="com.testSelenuim.testRegisterCustomerExcel">
    <failure type="org.openqa.selenium.WebDriverException" message="chrome not reachable
  (Session info: chrome=77.0.3865.120)
Build info: version: &amp;apos;3.141.59&amp;apos;, revision: &amp;apos;e82be7d358&amp;apos;, time: &amp;apos;2018-11-14T08:25:48&amp;apos;
System info: host: &amp;apos;AN_PHONG&amp;apos;, ip: &amp;apos;192.168.1.20&amp;apos;, os.name: &amp;apos;Windows 10&amp;apos;, os.arch: &amp;apos;amd64&amp;apos;, os.version: &amp;apos;10.0&amp;apos;, java.version: &amp;apos;1.8.0_111&amp;apos;
Driver info: org.openqa.selenium.chrome.ChromeDriver
Capabilities {acceptInsecureCerts: false, browserName: chrome, browserVersion: 77.0.3865.120, chrome: {chromedriverVersion: 77.0.3865.40 (f484704e052e0..., userDataDir: C:\Users\Win\AppData\Local\...}, goog:chromeOptions: {debuggerAddress: localhost:60891}, javascriptEnabled: true, networkConnectionEnabled: false, pageLoadStrategy: normal, platform: XP, platformName: XP, proxy: Proxy(), setWindowRect: true, strictFileInteractability: false, timeouts: {implicit: 0, pageLoad: 300000, script: 30000}, unhandledPromptBehavior: dismiss and notify}
Session ID: 7a1da241a61869e7f04d882a4fb5e757">
      <![CDATA[org.openqa.selenium.WebDriverException: chrome not reachable
  (Session info: chrome=77.0.3865.120)
Build info: version: '3.141.59', revision: 'e82be7d358', time: '2018-11-14T08:25:48'
System info: host: 'AN_PHONG', ip: '192.168.1.20', os.name: 'Windows 10', os.arch: 'amd64', os.version: '10.0', java.version: '1.8.0_111'
Driver info: org.openqa.selenium.chrome.ChromeDriver
Capabilities {acceptInsecureCerts: false, browserName: chrome, browserVersion: 77.0.3865.120, chrome: {chromedriverVersion: 77.0.3865.40 (f484704e052e0..., userDataDir: C:\Users\Win\AppData\Local\...}, goog:chromeOptions: {debuggerAddress: localhost:60891}, javascriptEnabled: true, networkConnectionEnabled: false, pageLoadStrategy: normal, platform: XP, platformName: XP, proxy: Proxy(), setWindowRect: true, strictFileInteractability: false, timeouts: {implicit: 0, pageLoad: 300000, script: 30000}, unhandledPromptBehavior: dismiss and notify}
Session ID: 7a1da241a61869e7f04d882a4fb5e757
at org.openqa.selenium.remote.http.W3CHttpResponseCodec.createException(W3CHttpResponseCodec.java:187)
at org.openqa.selenium.remote.http.W3CHttpResponseCodec.decode(W3CHttpResponseCodec.java:122)
at org.openqa.selenium.remote.http.W3CHttpResponseCodec.decode(W3CHttpResponseCodec.java:49)
at org.openqa.selenium.remote.HttpCommandExecutor.execute(HttpCommandExecutor.java:158)
at org.openqa.selenium.remote.service.DriverCommandExecutor.execute(DriverCommandExecutor.java:83)
at org.openqa.selenium.remote.RemoteWebDriver.execute(RemoteWebDriver.java:552)
at org.openqa.selenium.remote.RemoteWebDriver.execute(RemoteWebDriver.java:609)
at org.openqa.selenium.remote.RemoteWebDriver.close(RemoteWebDriver.java:442)
at com.testSelenuim.testRegisterCustomerExcel.afterMethod(testRegisterCustomerExcel.java:91)
at java.util.ArrayList.forEach(Unknown Source)
... Removed 35 stack frames]]>
    </failure>
  </testcase> <!-- @AfterMethod afterMethod -->
  <testcase name="@BeforeMethod beforeMethod" time="-1.571127317196E9" classname="com.testSelenuim.testRegisterCustomerExcel">
    <skipped/>
  </testcase> <!-- @BeforeMethod beforeMethod -->
  <testcase name="@AfterMethod afterMethod" time="-1.571127317201E9" classname="com.testSelenuim.testRegisterCustomerExcel">
    <skipped/>
  </testcase> <!-- @AfterMethod afterMethod -->
  <testcase name="@BeforeMethod beforeMethod" time="-1.571127317203E9" classname="com.testSelenuim.testRegisterCustomerExcel">
    <skipped/>
  </testcase> <!-- @BeforeMethod beforeMethod -->
  <testcase name="@AfterMethod afterMethod" time="-1.571127317206E9" classname="com.testSelenuim.testRegisterCustomerExcel">
    <skipped/>
  </testcase> <!-- @AfterMethod afterMethod -->
  <testcase name="@BeforeMethod beforeMethod" time="-1.571127317207E9" classname="com.testSelenuim.testRegisterCustomerExcel">
    <skipped/>
  </testcase> <!-- @BeforeMethod beforeMethod -->
  <testcase name="@AfterMethod afterMethod" time="-1.571127317219E9" classname="com.testSelenuim.testRegisterCustomerExcel">
    <skipped/>
  </testcase> <!-- @AfterMethod afterMethod -->
  <testcase name="@BeforeMethod beforeMethod" time="-1.571127317224E9" classname="com.testSelenuim.testRegisterCustomerExcel">
    <skipped/>
  </testcase> <!-- @BeforeMethod beforeMethod -->
  <testcase name="@AfterMethod afterMethod" time="-1.57112731725E9" classname="com.testSelenuim.testRegisterCustomerExcel">
    <skipped/>
  </testcase> <!-- @AfterMethod afterMethod -->
  <testcase name="@BeforeMethod beforeMethod" time="-1.571127317255E9" classname="com.testSelenuim.testRegisterCustomerExcel">
    <skipped/>
  </testcase> <!-- @BeforeMethod beforeMethod -->
  <testcase name="@AfterMethod afterMethod" time="-1.571127317296E9" classname="com.testSelenuim.testRegisterCustomerExcel">
    <skipped/>
  </testcase> <!-- @AfterMethod afterMethod -->
  <testcase name="@BeforeMethod beforeMethod" time="-1.571127317301E9" classname="com.testSelenuim.testRegisterCustomerExcel">
    <skipped/>
  </testcase> <!-- @BeforeMethod beforeMethod -->
  <testcase name="@AfterMethod afterMethod" time="-1.571127317333E9" classname="com.testSelenuim.testRegisterCustomerExcel">
    <skipped/>
  </testcase> <!-- @AfterMethod afterMethod -->
  <testcase name="@BeforeMethod beforeMethod" time="-1.571127317334E9" classname="com.testSelenuim.testRegisterCustomerExcel">
    <skipped/>
  </testcase> <!-- @BeforeMethod beforeMethod -->
  <testcase name="@AfterMethod afterMethod" time="-1.571127317353E9" classname="com.testSelenuim.testRegisterCustomerExcel">
    <skipped/>
  </testcase> <!-- @AfterMethod afterMethod -->
  <testcase name="@BeforeMethod beforeMethod" time="-1.571127317355E9" classname="com.testSelenuim.testRegisterCustomerExcel">
    <skipped/>
  </testcase> <!-- @BeforeMethod beforeMethod -->
  <testcase name="@AfterMethod afterMethod" time="-1.571127317358E9" classname="com.testSelenuim.testRegisterCustomerExcel">
    <skipped/>
  </testcase> <!-- @AfterMethod afterMethod -->
  <testcase name="@BeforeMethod beforeMethod" time="-1.571127317359E9" classname="com.testSelenuim.testRegisterCustomerExcel">
    <skipped/>
  </testcase> <!-- @BeforeMethod beforeMethod -->
  <testcase name="@AfterMethod afterMethod" time="-1.571127317362E9" classname="com.testSelenuim.testRegisterCustomerExcel">
    <skipped/>
  </testcase> <!-- @AfterMethod afterMethod -->
  <testcase name="@BeforeMethod beforeMethod" time="-1.571127317363E9" classname="com.testSelenuim.testRegisterCustomerExcel">
    <skipped/>
  </testcase> <!-- @BeforeMethod beforeMethod -->
  <testcase name="@AfterMethod afterMethod" time="-1.57112731738E9" classname="com.testSelenuim.testRegisterCustomerExcel">
    <skipped/>
  </testcase> <!-- @AfterMethod afterMethod -->
  <testcase name="@BeforeMethod beforeMethod" time="-1.571127317385E9" classname="com.testSelenuim.testRegisterCustomerExcel">
    <skipped/>
  </testcase> <!-- @BeforeMethod beforeMethod -->
  <testcase name="@AfterMethod afterMethod" time="-1.571127317433E9" classname="com.testSelenuim.testRegisterCustomerExcel">
    <skipped/>
  </testcase> <!-- @AfterMethod afterMethod -->
  <testcase name="@BeforeMethod beforeMethod" time="-1.571127317454E9" classname="com.testSelenuim.testRegisterCustomerExcel">
    <skipped/>
  </testcase> <!-- @BeforeMethod beforeMethod -->
  <testcase name="@AfterMethod afterMethod" time="-1.571127317555E9" classname="com.testSelenuim.testRegisterCustomerExcel">
    <skipped/>
  </testcase> <!-- @AfterMethod afterMethod -->
  <testcase name="@BeforeMethod beforeMethod" time="-1.571127317556E9" classname="com.testSelenuim.testRegisterCustomerExcel">
    <skipped/>
  </testcase> <!-- @BeforeMethod beforeMethod -->
  <testcase name="@AfterMethod afterMethod" time="-1.571127317575E9" classname="com.testSelenuim.testRegisterCustomerExcel">
    <skipped/>
  </testcase> <!-- @AfterMethod afterMethod -->
  <testcase name="@BeforeMethod beforeMethod" time="-1.571127317582E9" classname="com.testSelenuim.testRegisterCustomerExcel">
    <skipped/>
  </testcase> <!-- @BeforeMethod beforeMethod -->
  <testcase name="@AfterMethod afterMethod" time="-1.571127317585E9" classname="com.testSelenuim.testRegisterCustomerExcel">
    <skipped/>
  </testcase> <!-- @AfterMethod afterMethod -->
  <testcase name="@BeforeMethod clean1" time="6.018" classname="com.testSelenuim.testPassenger">
    <failure type="org.openqa.selenium.WebDriverException" message="chrome not reachable
  (Session info: chrome=77.0.3865.120)
Build info: version: &amp;apos;3.141.59&amp;apos;, revision: &amp;apos;e82be7d358&amp;apos;, time: &amp;apos;2018-11-14T08:25:48&amp;apos;
System info: host: &amp;apos;AN_PHONG&amp;apos;, ip: &amp;apos;192.168.1.20&amp;apos;, os.name: &amp;apos;Windows 10&amp;apos;, os.arch: &amp;apos;amd64&amp;apos;, os.version: &amp;apos;10.0&amp;apos;, java.version: &amp;apos;1.8.0_111&amp;apos;
Driver info: org.openqa.selenium.chrome.ChromeDriver
Capabilities {acceptInsecureCerts: false, browserName: chrome, browserVersion: 77.0.3865.120, chrome: {chromedriverVersion: 77.0.3865.40 (f484704e052e0..., userDataDir: C:\Users\Win\AppData\Local\...}, goog:chromeOptions: {debuggerAddress: localhost:59806}, javascriptEnabled: true, networkConnectionEnabled: false, pageLoadStrategy: normal, platform: XP, platformName: XP, proxy: Proxy(), setWindowRect: true, strictFileInteractability: false, timeouts: {implicit: 0, pageLoad: 300000, script: 30000}, unhandledPromptBehavior: dismiss and notify}
Session ID: 876294cda5cf04b2a97dae5b26261383
*** Element info: {Using=xpath, value=/html/body/div/div[2]/div/form/table/tbody/tr[2]/td[2]/input}">
      <![CDATA[org.openqa.selenium.WebDriverException: chrome not reachable
  (Session info: chrome=77.0.3865.120)
Build info: version: '3.141.59', revision: 'e82be7d358', time: '2018-11-14T08:25:48'
System info: host: 'AN_PHONG', ip: '192.168.1.20', os.name: 'Windows 10', os.arch: 'amd64', os.version: '10.0', java.version: '1.8.0_111'
Driver info: org.openqa.selenium.chrome.ChromeDriver
Capabilities {acceptInsecureCerts: false, browserName: chrome, browserVersion: 77.0.3865.120, chrome: {chromedriverVersion: 77.0.3865.40 (f484704e052e0..., userDataDir: C:\Users\Win\AppData\Local\...}, goog:chromeOptions: {debuggerAddress: localhost:59806}, javascriptEnabled: true, networkConnectionEnabled: false, pageLoadStrategy: normal, platform: XP, platformName: XP, proxy: Proxy(), setWindowRect: true, strictFileInteractability: false, timeouts: {implicit: 0, pageLoad: 300000, script: 30000}, unhandledPromptBehavior: dismiss and notify}
Session ID: 876294cda5cf04b2a97dae5b26261383
*** Element info: {Using=xpath, value=/html/body/div/div[2]/div/form/table/tbody/tr[2]/td[2]/input}
at org.openqa.selenium.remote.http.W3CHttpResponseCodec.createException(W3CHttpResponseCodec.java:187)
at org.openqa.selenium.remote.http.W3CHttpResponseCodec.decode(W3CHttpResponseCodec.java:122)
at org.openqa.selenium.remote.http.W3CHttpResponseCodec.decode(W3CHttpResponseCodec.java:49)
at org.openqa.selenium.remote.HttpCommandExecutor.execute(HttpCommandExecutor.java:158)
at org.openqa.selenium.remote.service.DriverCommandExecutor.execute(DriverCommandExecutor.java:83)
at org.openqa.selenium.remote.RemoteWebDriver.execute(RemoteWebDriver.java:552)
at org.openqa.selenium.remote.RemoteWebDriver.findElement(RemoteWebDriver.java:323)
at org.openqa.selenium.remote.RemoteWebDriver.findElementByXPath(RemoteWebDriver.java:428)
at org.openqa.selenium.By$ByXPath.findElement(By.java:353)
at org.openqa.selenium.remote.RemoteWebDriver.findElement(RemoteWebDriver.java:315)
at com.testSelenuim.testPassenger.clean1(testPassenger.java:1041)
at java.util.ArrayList.forEach(Unknown Source)
... Removed 35 stack frames]]>
    </failure>
  </testcase> <!-- @BeforeMethod clean1 -->
  <testcase name="@BeforeMethod clean1" time="-1.571127324146E9" classname="com.testSelenuim.testPassenger">
    <skipped/>
  </testcase> <!-- @BeforeMethod clean1 -->
  <testcase name="@BeforeMethod clean1" time="-1.571127324156E9" classname="com.testSelenuim.testPassenger">
    <skipped/>
  </testcase> <!-- @BeforeMethod clean1 -->
  <testcase name="@BeforeMethod clean1" time="-1.571127324179E9" classname="com.testSelenuim.testPassenger">
    <skipped/>
  </testcase> <!-- @BeforeMethod clean1 -->
  <testcase name="@BeforeMethod clean1" time="-1.571127324183E9" classname="com.testSelenuim.testPassenger">
    <skipped/>
  </testcase> <!-- @BeforeMethod clean1 -->
  <testcase name="@BeforeMethod clean1" time="-1.571127324196E9" classname="com.testSelenuim.testPassenger">
    <skipped/>
  </testcase> <!-- @BeforeMethod clean1 -->
  <testcase name="@BeforeMethod clean1" time="-1.571127324209E9" classname="com.testSelenuim.testPassenger">
    <skipped/>
  </testcase> <!-- @BeforeMethod clean1 -->
  <testcase name="@BeforeMethod clean1" time="-1.571127324222E9" classname="com.testSelenuim.testPassenger">
    <skipped/>
  </testcase> <!-- @BeforeMethod clean1 -->
  <testcase name="@BeforeMethod clean1" time="-1.571127324237E9" classname="com.testSelenuim.testPassenger">
    <skipped/>
  </testcase> <!-- @BeforeMethod clean1 -->
  <testcase name="@BeforeMethod clean1" time="-1.571127324247E9" classname="com.testSelenuim.testPassenger">
    <skipped/>
  </testcase> <!-- @BeforeMethod clean1 -->
  <testcase name="@BeforeMethod clean1" time="-1.57112732426E9" classname="com.testSelenuim.testPassenger">
    <skipped/>
  </testcase> <!-- @BeforeMethod clean1 -->
  <testcase name="@BeforeMethod clean1" time="-1.571127324269E9" classname="com.testSelenuim.testPassenger">
    <skipped/>
  </testcase> <!-- @BeforeMethod clean1 -->
  <testcase name="@BeforeMethod clean1" time="-1.571127324275E9" classname="com.testSelenuim.testPassenger">
    <skipped/>
  </testcase> <!-- @BeforeMethod clean1 -->
  <testcase name="@BeforeMethod clean1" time="-1.571127324281E9" classname="com.testSelenuim.testPassenger">
    <skipped/>
  </testcase> <!-- @BeforeMethod clean1 -->
  <testcase name="@BeforeMethod clean1" time="-1.571127324288E9" classname="com.testSelenuim.testPassenger">
    <skipped/>
  </testcase> <!-- @BeforeMethod clean1 -->
  <testcase name="@BeforeMethod clean1" time="-1.571127324292E9" classname="com.testSelenuim.testPassenger">
    <skipped/>
  </testcase> <!-- @BeforeMethod clean1 -->
  <testcase name="@BeforeMethod clean1" time="-1.571127324295E9" classname="com.testSelenuim.testPassenger">
    <skipped/>
  </testcase> <!-- @BeforeMethod clean1 -->
  <testcase name="@BeforeMethod clean1" time="-1.571127324301E9" classname="com.testSelenuim.testPassenger">
    <skipped/>
  </testcase> <!-- @BeforeMethod clean1 -->
  <testcase name="@BeforeMethod clean1" time="-1.571127324305E9" classname="com.testSelenuim.testPassenger">
    <skipped/>
  </testcase> <!-- @BeforeMethod clean1 -->
  <testcase name="@BeforeMethod clean1" time="-1.571127324308E9" classname="com.testSelenuim.testPassenger">
    <skipped/>
  </testcase> <!-- @BeforeMethod clean1 -->
  <testcase name="@BeforeMethod clean1" time="-1.571127324312E9" classname="com.testSelenuim.testPassenger">
    <skipped/>
  </testcase> <!-- @BeforeMethod clean1 -->
  <testcase name="@BeforeMethod clean1" time="-1.571127324322E9" classname="com.testSelenuim.testPassenger">
    <skipped/>
  </testcase> <!-- @BeforeMethod clean1 -->
  <testcase name="@BeforeMethod clean1" time="-1.571127324327E9" classname="com.testSelenuim.testPassenger">
    <skipped/>
  </testcase> <!-- @BeforeMethod clean1 -->
  <testcase name="@BeforeMethod clean1" time="-1.571127324336E9" classname="com.testSelenuim.testPassenger">
    <skipped/>
  </testcase> <!-- @BeforeMethod clean1 -->
  <testcase name="@BeforeMethod clean1" time="-1.571127324344E9" classname="com.testSelenuim.testPassenger">
    <skipped/>
  </testcase> <!-- @BeforeMethod clean1 -->
  <testcase name="@BeforeMethod clean1" time="-1.571127324351E9" classname="com.testSelenuim.testPassenger">
    <skipped/>
  </testcase> <!-- @BeforeMethod clean1 -->
  <testcase name="@BeforeMethod clean1" time="-1.571127324357E9" classname="com.testSelenuim.testPassenger">
    <skipped/>
  </testcase> <!-- @BeforeMethod clean1 -->
  <testcase name="@BeforeMethod clean1" time="-1.57112732436E9" classname="com.testSelenuim.testPassenger">
    <skipped/>
  </testcase> <!-- @BeforeMethod clean1 -->
  <testcase name="@BeforeMethod clean1" time="-1.571127324364E9" classname="com.testSelenuim.testPassenger">
    <skipped/>
  </testcase> <!-- @BeforeMethod clean1 -->
  <testcase name="@BeforeMethod clean1" time="-1.571127324373E9" classname="com.testSelenuim.testPassenger">
    <skipped/>
  </testcase> <!-- @BeforeMethod clean1 -->
  <testcase name="@BeforeMethod clean1" time="-1.571127324382E9" classname="com.testSelenuim.testPassenger">
    <skipped/>
  </testcase> <!-- @BeforeMethod clean1 -->
  <testcase name="@BeforeMethod clean1" time="-1.571127324388E9" classname="com.testSelenuim.testPassenger">
    <skipped/>
  </testcase> <!-- @BeforeMethod clean1 -->
  <testcase name="@BeforeMethod clean1" time="-1.571127324393E9" classname="com.testSelenuim.testPassenger">
    <skipped/>
  </testcase> <!-- @BeforeMethod clean1 -->
  <testcase name="@BeforeMethod clean1" time="-1.571127324397E9" classname="com.testSelenuim.testPassenger">
    <skipped/>
  </testcase> <!-- @BeforeMethod clean1 -->
  <testcase name="@BeforeMethod clean1" time="-1.571127324404E9" classname="com.testSelenuim.testPassenger">
    <skipped/>
  </testcase> <!-- @BeforeMethod clean1 -->
  <testcase name="@BeforeMethod clean1" time="-1.571127324407E9" classname="com.testSelenuim.testPassenger">
    <skipped/>
  </testcase> <!-- @BeforeMethod clean1 -->
  <testcase name="@BeforeMethod clean1" time="-1.571127324412E9" classname="com.testSelenuim.testPassenger">
    <skipped/>
  </testcase> <!-- @BeforeMethod clean1 -->
  <testcase name="@BeforeMethod clean1" time="-1.571127324417E9" classname="com.testSelenuim.testPassenger">
    <skipped/>
  </testcase> <!-- @BeforeMethod clean1 -->
  <testcase name="@BeforeMethod clean1" time="-1.571127324433E9" classname="com.testSelenuim.testPassenger">
    <skipped/>
  </testcase> <!-- @BeforeMethod clean1 -->
  <testcase name="@BeforeMethod clean1" time="-1.57112732444E9" classname="com.testSelenuim.testPassenger">
    <skipped/>
  </testcase> <!-- @BeforeMethod clean1 -->
  <testcase name="@BeforeMethod clean1" time="-1.571127324444E9" classname="com.testSelenuim.testPassenger">
    <skipped/>
  </testcase> <!-- @BeforeMethod clean1 -->
  <testcase name="@BeforeMethod clean1" time="-1.57112732445E9" classname="com.testSelenuim.testPassenger">
    <skipped/>
  </testcase> <!-- @BeforeMethod clean1 -->
  <testcase name="@BeforeMethod clean1" time="-1.571127324454E9" classname="com.testSelenuim.testPassenger">
    <skipped/>
  </testcase> <!-- @BeforeMethod clean1 -->
  <testcase name="@BeforeMethod clean1" time="-1.571127324457E9" classname="com.testSelenuim.testPassenger">
    <skipped/>
  </testcase> <!-- @BeforeMethod clean1 -->
  <testcase name="@BeforeMethod clean1" time="-1.571127324459E9" classname="com.testSelenuim.testPassenger">
    <skipped/>
  </testcase> <!-- @BeforeMethod clean1 -->
  <testcase name="@BeforeMethod clean1" time="-1.571127324461E9" classname="com.testSelenuim.testPassenger">
    <skipped/>
  </testcase> <!-- @BeforeMethod clean1 -->
  <testcase name="@BeforeMethod clean1" time="-1.571127324466E9" classname="com.testSelenuim.testPassenger">
    <skipped/>
  </testcase> <!-- @BeforeMethod clean1 -->
  <testcase name="@BeforeMethod clean1" time="-1.571127324498E9" classname="com.testSelenuim.testPassenger">
    <skipped/>
  </testcase> <!-- @BeforeMethod clean1 -->
  <testcase name="@BeforeMethod clean1" time="-1.571127324504E9" classname="com.testSelenuim.testPassenger">
    <skipped/>
  </testcase> <!-- @BeforeMethod clean1 -->
  <testcase name="@BeforeMethod clean1" time="-1.571127324507E9" classname="com.testSelenuim.testPassenger">
    <skipped/>
  </testcase> <!-- @BeforeMethod clean1 -->
  <testcase name="@BeforeMethod clean1" time="-1.57112732451E9" classname="com.testSelenuim.testPassenger">
    <skipped/>
  </testcase> <!-- @BeforeMethod clean1 -->
  <testcase name="@AfterClass clean" time="-1.571127324513E9" classname="com.testSelenuim.testPassenger">
    <skipped/>
  </testcase> <!-- @AfterClass clean -->
  <testcase name="aa" time="0.574" classname="com.testSelenuim.testPassenger"/>
  <testcase name="contextLoads" time="0.004" classname="com.testSelenuim.testDemoNg">
    <failure type="java.lang.NullPointerException">
      <![CDATA[java.lang.NullPointerException
at com.testSelenuim.testDemoNg.contextLoads(testDemoNg.java:36)
at java.util.ArrayList.forEach(Unknown Source)
... Removed 27 stack frames]]>
    </failure>
  </testcase> <!-- contextLoads -->
  <testcase name="f" time="4.06" classname="com.testSelenuim.testRegisterCustomerExcel"/>
  <testcase name="f" time="4.067" classname="com.testSelenuim.testRegisterCustomerExcel"/>
  <testcase name="f" time="4.131" classname="com.testSelenuim.testRegisterCustomerExcel"/>
  <testcase name="f" time="4.104" classname="com.testSelenuim.testRegisterCustomerExcel"/>
  <testcase name="f" time="4.119" classname="com.testSelenuim.testRegisterCustomerExcel"/>
  <testcase name="f" time="4.15" classname="com.testSelenuim.testRegisterCustomerExcel"/>
  <testcase name="f" time="4.13" classname="com.testSelenuim.testRegisterCustomerExcel"/>
  <testcase name="f" time="4.101" classname="com.testSelenuim.testRegisterCustomerExcel"/>
  <testcase name="f" time="4.137" classname="com.testSelenuim.testRegisterCustomerExcel"/>
  <testcase name="f" time="4.112" classname="com.testSelenuim.testRegisterCustomerExcel"/>
  <testcase name="f" time="4.607" classname="com.testSelenuim.testRegisterCustomerExcel"/>
  <testcase name="f" time="4.121" classname="com.testSelenuim.testRegisterCustomerExcel"/>
  <testcase name="f" time="4.155" classname="com.testSelenuim.testRegisterCustomerExcel"/>
  <testcase name="f" time="3.883" classname="com.testSelenuim.testRegisterCustomerExcel"/>
  <testcase name="f" time="4.146" classname="com.testSelenuim.testRegisterCustomerExcel"/>
  <testcase name="f" time="4.308" classname="com.testSelenuim.testRegisterCustomerExcel"/>
  <testcase name="f" time="4.221" classname="com.testSelenuim.testRegisterCustomerExcel"/>
  <testcase name="f" time="3.91" classname="com.testSelenuim.testRegisterCustomerExcel"/>
  <testcase name="f" time="4.543" classname="com.testSelenuim.testRegisterCustomerExcel"/>
  <testcase name="f" time="3.865" classname="com.testSelenuim.testRegisterCustomerExcel"/>
  <testcase name="f" time="3.877" classname="com.testSelenuim.testRegisterCustomerExcel"/>
  <testcase name="f" time="4.331" classname="com.testSelenuim.testRegisterCustomerExcel"/>
  <testcase name="f" time="4.102" classname="com.testSelenuim.testRegisterCustomerExcel"/>
  <testcase name="f" time="4.754" classname="com.testSelenuim.testRegisterCustomerExcel"/>
  <testcase name="f" time="4.188" classname="com.testSelenuim.testRegisterCustomerExcel"/>
  <testcase name="f" time="4.61" classname="com.testSelenuim.testRegisterCustomerExcel"/>
  <testcase name="f" time="4.159" classname="com.testSelenuim.testRegisterCustomerExcel"/>
  <testcase name="f" time="3.987" classname="com.testSelenuim.testRegisterCustomerExcel"/>
  <testcase name="f" time="4.019" classname="com.testSelenuim.testRegisterCustomerExcel"/>
  <testcase name="f" time="4.288" classname="com.testSelenuim.testRegisterCustomerExcel"/>
  <testcase name="f" time="4.237" classname="com.testSelenuim.testRegisterCustomerExcel"/>
  <testcase name="f" time="4.079" classname="com.testSelenuim.testRegisterCustomerExcel"/>
  <testcase name="f" time="4.201" classname="com.testSelenuim.testRegisterCustomerExcel"/>
  <testcase name="f" time="4.052" classname="com.testSelenuim.testRegisterCustomerExcel"/>
  <testcase name="f" time="4.055" classname="com.testSelenuim.testRegisterCustomerExcel"/>
  <testcase name="f" time="4.538" classname="com.testSelenuim.testRegisterCustomerExcel"/>
  <testcase name="f" time="3.982" classname="com.testSelenuim.testRegisterCustomerExcel"/>
  <testcase name="f" time="9.971" classname="com.testSelenuim.testRegisterCustomerExcel">
    <failure type="org.openqa.selenium.WebDriverException" message="chrome not reachable
  (Session info: chrome=77.0.3865.120)
Build info: version: &amp;apos;3.141.59&amp;apos;, revision: &amp;apos;e82be7d358&amp;apos;, time: &amp;apos;2018-11-14T08:25:48&amp;apos;
System info: host: &amp;apos;AN_PHONG&amp;apos;, ip: &amp;apos;192.168.1.20&amp;apos;, os.name: &amp;apos;Windows 10&amp;apos;, os.arch: &amp;apos;amd64&amp;apos;, os.version: &amp;apos;10.0&amp;apos;, java.version: &amp;apos;1.8.0_111&amp;apos;
Driver info: org.openqa.selenium.chrome.ChromeDriver
Capabilities {acceptInsecureCerts: false, browserName: chrome, browserVersion: 77.0.3865.120, chrome: {chromedriverVersion: 77.0.3865.40 (f484704e052e0..., userDataDir: C:\Users\Win\AppData\Local\...}, goog:chromeOptions: {debuggerAddress: localhost:60891}, javascriptEnabled: true, networkConnectionEnabled: false, pageLoadStrategy: normal, platform: XP, platformName: XP, proxy: Proxy(), setWindowRect: true, strictFileInteractability: false, timeouts: {implicit: 0, pageLoad: 300000, script: 30000}, unhandledPromptBehavior: dismiss and notify}
Session ID: 7a1da241a61869e7f04d882a4fb5e757
*** Element info: {Using=xpath, value=//button[@class=&amp;apos;btn btn-success&amp;apos;]}">
      <![CDATA[org.openqa.selenium.WebDriverException: chrome not reachable
  (Session info: chrome=77.0.3865.120)
Build info: version: '3.141.59', revision: 'e82be7d358', time: '2018-11-14T08:25:48'
System info: host: 'AN_PHONG', ip: '192.168.1.20', os.name: 'Windows 10', os.arch: 'amd64', os.version: '10.0', java.version: '1.8.0_111'
Driver info: org.openqa.selenium.chrome.ChromeDriver
Capabilities {acceptInsecureCerts: false, browserName: chrome, browserVersion: 77.0.3865.120, chrome: {chromedriverVersion: 77.0.3865.40 (f484704e052e0..., userDataDir: C:\Users\Win\AppData\Local\...}, goog:chromeOptions: {debuggerAddress: localhost:60891}, javascriptEnabled: true, networkConnectionEnabled: false, pageLoadStrategy: normal, platform: XP, platformName: XP, proxy: Proxy(), setWindowRect: true, strictFileInteractability: false, timeouts: {implicit: 0, pageLoad: 300000, script: 30000}, unhandledPromptBehavior: dismiss and notify}
Session ID: 7a1da241a61869e7f04d882a4fb5e757
*** Element info: {Using=xpath, value=//button[@class='btn btn-success']}
at org.openqa.selenium.remote.http.W3CHttpResponseCodec.createException(W3CHttpResponseCodec.java:187)
at org.openqa.selenium.remote.http.W3CHttpResponseCodec.decode(W3CHttpResponseCodec.java:122)
at org.openqa.selenium.remote.http.W3CHttpResponseCodec.decode(W3CHttpResponseCodec.java:49)
at org.openqa.selenium.remote.HttpCommandExecutor.execute(HttpCommandExecutor.java:158)
at org.openqa.selenium.remote.service.DriverCommandExecutor.execute(DriverCommandExecutor.java:83)
at org.openqa.selenium.remote.RemoteWebDriver.execute(RemoteWebDriver.java:552)
at org.openqa.selenium.remote.RemoteWebDriver.findElement(RemoteWebDriver.java:323)
at org.openqa.selenium.remote.RemoteWebDriver.findElementByXPath(RemoteWebDriver.java:428)
at org.openqa.selenium.By$ByXPath.findElement(By.java:353)
at org.openqa.selenium.remote.RemoteWebDriver.findElement(RemoteWebDriver.java:315)
at com.testSelenuim.testRegisterCustomerExcel.f(testRegisterCustomerExcel.java:57)
at java.util.ArrayList.forEach(Unknown Source)
... Removed 30 stack frames]]>
    </failure>
  </testcase> <!-- f -->
  <testcase name="f" time="0.0" classname="com.testSelenuim.testRegisterCustomerExcel">
    <skipped/>
  </testcase> <!-- f -->
  <testcase name="f" time="0.0" classname="com.testSelenuim.testRegisterCustomerExcel">
    <skipped/>
  </testcase> <!-- f -->
  <testcase name="f" time="0.0" classname="com.testSelenuim.testRegisterCustomerExcel">
    <skipped/>
  </testcase> <!-- f -->
  <testcase name="f" time="0.0" classname="com.testSelenuim.testRegisterCustomerExcel">
    <skipped/>
  </testcase> <!-- f -->
  <testcase name="f" time="0.0" classname="com.testSelenuim.testRegisterCustomerExcel">
    <skipped/>
  </testcase> <!-- f -->
  <testcase name="f" time="0.0" classname="com.testSelenuim.testRegisterCustomerExcel">
    <skipped/>
  </testcase> <!-- f -->
  <testcase name="f" time="0.0" classname="com.testSelenuim.testRegisterCustomerExcel">
    <skipped/>
  </testcase> <!-- f -->
  <testcase name="f" time="0.0" classname="com.testSelenuim.testRegisterCustomerExcel">
    <skipped/>
  </testcase> <!-- f -->
  <testcase name="f" time="0.0" classname="com.testSelenuim.testRegisterCustomerExcel">
    <skipped/>
  </testcase> <!-- f -->
  <testcase name="f" time="0.0" classname="com.testSelenuim.testRegisterCustomerExcel">
    <skipped/>
  </testcase> <!-- f -->
  <testcase name="f" time="0.0" classname="com.testSelenuim.testRegisterCustomerExcel">
    <skipped/>
  </testcase> <!-- f -->
  <testcase name="f" time="0.0" classname="com.testSelenuim.testRegisterCustomerExcel">
    <skipped/>
  </testcase> <!-- f -->
  <testcase name="f" time="0.0" classname="com.testSelenuim.testRegisterCustomerExcel">
    <skipped/>
  </testcase> <!-- f -->
  <testcase name="f" time="0.0" classname="com.testSelenuim.testRegisterCustomerExcel">
    <skipped/>
  </testcase> <!-- f -->
  <testcase name="saveEmployee" time="0.498" classname="com.testSelenuim.testDemoNg">
    <failure type="java.lang.AssertionError">
      <![CDATA[java.lang.AssertionError
at org.junit.Assert.fail(Assert.java:86)
at org.junit.Assert.assertTrue(Assert.java:41)
at org.junit.Assert.assertFalse(Assert.java:64)
at org.junit.Assert.assertFalse(Assert.java:74)
at com.testSelenuim.testDemoNg.saveEmployee(testDemoNg.java:51)
at java.util.ArrayList.forEach(Unknown Source)
... Removed 27 stack frames]]>
    </failure>
  </testcase> <!-- saveEmployee -->
  <testcase name="ab" time="0.0" classname="com.testSelenuim.testPassenger">
    <skipped/>
  </testcase> <!-- ab -->
  <testcase name="ac" time="0.0" classname="com.testSelenuim.testPassenger">
    <skipped/>
  </testcase> <!-- ac -->
  <testcase name="ad" time="0.0" classname="com.testSelenuim.testPassenger">
    <skipped/>
  </testcase> <!-- ad -->
  <testcase name="ae" time="0.0" classname="com.testSelenuim.testPassenger">
    <skipped/>
  </testcase> <!-- ae -->
  <testcase name="af" time="0.0" classname="com.testSelenuim.testPassenger">
    <skipped/>
  </testcase> <!-- af -->
  <testcase name="ag" time="0.0" classname="com.testSelenuim.testPassenger">
    <skipped/>
  </testcase> <!-- ag -->
  <testcase name="ah" time="0.0" classname="com.testSelenuim.testPassenger">
    <skipped/>
  </testcase> <!-- ah -->
  <testcase name="ai" time="0.0" classname="com.testSelenuim.testPassenger">
    <skipped/>
  </testcase> <!-- ai -->
  <testcase name="aj" time="0.0" classname="com.testSelenuim.testPassenger">
    <skipped/>
  </testcase> <!-- aj -->
  <testcase name="ak" time="0.0" classname="com.testSelenuim.testPassenger">
    <skipped/>
  </testcase> <!-- ak -->
  <testcase name="al" time="0.0" classname="com.testSelenuim.testPassenger">
    <skipped/>
  </testcase> <!-- al -->
  <testcase name="am" time="0.0" classname="com.testSelenuim.testPassenger">
    <skipped/>
  </testcase> <!-- am -->
  <testcase name="an" time="0.001" classname="com.testSelenuim.testPassenger">
    <skipped/>
  </testcase> <!-- an -->
  <testcase name="ao" time="0.0" classname="com.testSelenuim.testPassenger">
    <skipped/>
  </testcase> <!-- ao -->
  <testcase name="ap" time="0.0" classname="com.testSelenuim.testPassenger">
    <skipped/>
  </testcase> <!-- ap -->
  <testcase name="aq" time="0.0" classname="com.testSelenuim.testPassenger">
    <skipped/>
  </testcase> <!-- aq -->
  <testcase name="ar" time="0.0" classname="com.testSelenuim.testPassenger">
    <skipped/>
  </testcase> <!-- ar -->
  <testcase name="as" time="0.0" classname="com.testSelenuim.testPassenger">
    <skipped/>
  </testcase> <!-- as -->
  <testcase name="at" time="0.0" classname="com.testSelenuim.testPassenger">
    <skipped/>
  </testcase> <!-- at -->
  <testcase name="av" time="0.0" classname="com.testSelenuim.testPassenger">
    <skipped/>
  </testcase> <!-- av -->
  <testcase name="au" time="0.0" classname="com.testSelenuim.testPassenger">
    <skipped/>
  </testcase> <!-- au -->
  <testcase name="ax" time="0.0" classname="com.testSelenuim.testPassenger">
    <skipped/>
  </testcase> <!-- ax -->
  <testcase name="ba" time="0.0" classname="com.testSelenuim.testPassenger">
    <skipped/>
  </testcase> <!-- ba -->
  <testcase name="bb" time="0.0" classname="com.testSelenuim.testPassenger">
    <skipped/>
  </testcase> <!-- bb -->
  <testcase name="bc" time="0.0" classname="com.testSelenuim.testPassenger">
    <skipped/>
  </testcase> <!-- bc -->
  <testcase name="bd" time="0.0" classname="com.testSelenuim.testPassenger">
    <skipped/>
  </testcase> <!-- bd -->
  <testcase name="testCase28" time="0.0" classname="com.testSelenuim.testPassenger">
    <skipped/>
  </testcase> <!-- testCase28 -->
  <testcase name="testCase29" time="0.0" classname="com.testSelenuim.testPassenger">
    <skipped/>
  </testcase> <!-- testCase29 -->
  <testcase name="testCase30" time="0.0" classname="com.testSelenuim.testPassenger">
    <skipped/>
  </testcase> <!-- testCase30 -->
  <testcase name="testCase31" time="0.0" classname="com.testSelenuim.testPassenger">
    <skipped/>
  </testcase> <!-- testCase31 -->
  <testcase name="testCase32" time="0.0" classname="com.testSelenuim.testPassenger">
    <skipped/>
  </testcase> <!-- testCase32 -->
  <testcase name="testCase33" time="0.0" classname="com.testSelenuim.testPassenger">
    <skipped/>
  </testcase> <!-- testCase33 -->
  <testcase name="testCase34" time="0.0" classname="com.testSelenuim.testPassenger">
    <skipped/>
  </testcase> <!-- testCase34 -->
  <testcase name="testCase35" time="0.0" classname="com.testSelenuim.testPassenger">
    <skipped/>
  </testcase> <!-- testCase35 -->
  <testcase name="testCase36" time="0.0" classname="com.testSelenuim.testPassenger">
    <skipped/>
  </testcase> <!-- testCase36 -->
  <testcase name="testCase37" time="0.0" classname="com.testSelenuim.testPassenger">
    <skipped/>
  </testcase> <!-- testCase37 -->
  <testcase name="testCase38" time="0.0" classname="com.testSelenuim.testPassenger">
    <skipped/>
  </testcase> <!-- testCase38 -->
  <testcase name="testCase39" time="0.0" classname="com.testSelenuim.testPassenger">
    <skipped/>
  </testcase> <!-- testCase39 -->
  <testcase name="testCase40" time="0.0" classname="com.testSelenuim.testPassenger">
    <skipped/>
  </testcase> <!-- testCase40 -->
  <testcase name="testCase41" time="0.0" classname="com.testSelenuim.testPassenger">
    <skipped/>
  </testcase> <!-- testCase41 -->
  <testcase name="testCase42" time="0.0" classname="com.testSelenuim.testPassenger">
    <skipped/>
  </testcase> <!-- testCase42 -->
  <testcase name="testCase43" time="0.0" classname="com.testSelenuim.testPassenger">
    <skipped/>
  </testcase> <!-- testCase43 -->
  <testcase name="testCase44" time="0.0" classname="com.testSelenuim.testPassenger">
    <skipped/>
  </testcase> <!-- testCase44 -->
  <testcase name="testCase45" time="0.0" classname="com.testSelenuim.testPassenger">
    <skipped/>
  </testcase> <!-- testCase45 -->
  <testcase name="testCase46" time="0.0" classname="com.testSelenuim.testPassenger">
    <skipped/>
  </testcase> <!-- testCase46 -->
  <testcase name="testCase47" time="0.0" classname="com.testSelenuim.testPassenger">
    <skipped/>
  </testcase> <!-- testCase47 -->
  <testcase name="testCase48" time="0.0" classname="com.testSelenuim.testPassenger">
    <skipped/>
  </testcase> <!-- testCase48 -->
  <testcase name="testCase49" time="0.0" classname="com.testSelenuim.testPassenger">
    <skipped/>
  </testcase> <!-- testCase49 -->
  <testcase name="testCase50" time="0.0" classname="com.testSelenuim.testPassenger">
    <skipped/>
  </testcase> <!-- testCase50 -->
  <testcase name="testCase51" time="0.0" classname="com.testSelenuim.testPassenger">
    <skipped/>
  </testcase> <!-- testCase51 -->
  <testcase name="testCase52" time="0.0" classname="com.testSelenuim.testPassenger">
    <skipped/>
  </testcase> <!-- testCase52 -->
</testsuite> <!-- Regression 1 -->
